0800039C  SWI #$060000                                   R0:00000006 R1:00000003 R2:00000000 R3:00000000 R4:00000000 R5:00000000 R6:00000000 R7:00000000 R8:00000000 R9:00000000 R10:00000000 R11:03000000 R12:00000000 R13:03007EEC R14:08000310 R15:080003A4 CPSR:nZcvtfi Mode: SYS V:126 H:1103 BC:00 00 06 EF
00000008  B $0140                                        R0:00000006 R1:00000003 R2:00000000 R3:00000000 R4:00000000 R5:00000000 R6:00000000 R7:00000000 R8:00000000 R9:00000000 R10:00000000 R11:03000000 R12:00000000 R13:03007FE0 R14:080003A0 R15:00000010 CPSR:nZcvtfI Mode: SVC V:126 H:1106 BC:4C 00 00 EA
00000140  STMDB SP!, {R11-R12,LR}                        R0:00000006 R1:00000003 R2:00000000 R3:00000000 R4:00000000 R5:00000000 R6:00000000 R7:00000000 R8:00000000 R9:00000000 R10:00000000 R11:03000000 R12:00000000 R13:03007FE0 R14:080003A0 R15:00000148 CPSR:nZcvtfI Mode: SVC V:126 H:1109 BC:00 58 2D E9
00000144  LDRB R12, [LR, -#$0002] [$0800039E] = $06      R0:00000006 R1:00000003 R2:00000000 R3:00000000 R4:00000000 R5:00000000 R6:00000000 R7:00000000 R8:00000000 R9:00000000 R10:00000000 R11:03000000 R12:00000000 R13:03007FD4 R14:080003A0 R15:0000014C CPSR:nZcvtfI Mode: SVC V:126 H:1113 BC:02 C0 5E E5
00000148  ADD R11, PC, #$78                              R0:00000006 R1:00000003 R2:00000000 R3:00000000 R4:00000000 R5:00000000 R6:00000000 R7:00000000 R8:00000000 R9:00000000 R10:00000000 R11:03000000 R12:00000006 R13:03007FD4 R14:080003A0 R15:00000150 CPSR:nZcvtfI Mode: SVC V:126 H:1120 BC:78 B0 8F E2
0000014C  LDR R12, [R11, +R12, LSL #2] [$01E0] = $B4     R0:00000006 R1:00000003 R2:00000000 R3:00000000 R4:00000000 R5:00000000 R6:00000000 R7:00000000 R8:00000000 R9:00000000 R10:00000000 R11:000001C8 R12:00000006 R13:03007FD4 R14:080003A0 R15:00000154 CPSR:nZcvtfI Mode: SVC V:126 H:1121 BC:0C C1 9B E7
00000150  MRS R11, SPSR                                  R0:00000006 R1:00000003 R2:00000000 R3:00000000 R4:00000000 R5:00000000 R6:00000000 R7:00000000 R8:00000000 R9:00000000 R10:00000000 R11:000001C8 R12:000003B4 R13:03007FD4 R14:080003A0 R15:00000158 CPSR:nZcvtfI Mode: SVC V:126 H:1124 BC:00 B0 4F E1
00000154  STMDB SP!, {R11}                               R0:00000006 R1:00000003 R2:00000000 R3:00000000 R4:00000000 R5:00000000 R6:00000000 R7:00000000 R8:00000000 R9:00000000 R10:00000000 R11:4000001F R12:000003B4 R13:03007FD4 R14:080003A0 R15:0000015C CPSR:nZcvtfI Mode: SVC V:126 H:1125 BC:00 08 2D E9
00000158  AND R11, R11, #$80                             R0:00000006 R1:00000003 R2:00000000 R3:00000000 R4:00000000 R5:00000000 R6:00000000 R7:00000000 R8:00000000 R9:00000000 R10:00000000 R11:4000001F R12:000003B4 R13:03007FD0 R14:080003A0 R15:00000160 CPSR:nZcvtfI Mode: SVC V:126 H:1127 BC:80 B0 0B E2
0000015C  ORR R11, R11, #$1F                             R0:00000006 R1:00000003 R2:00000000 R3:00000000 R4:00000000 R5:00000000 R6:00000000 R7:00000000 R8:00000000 R9:00000000 R10:00000000 R11:00000000 R12:000003B4 R13:03007FD0 R14:080003A0 R15:00000164 CPSR:nZcvtfI Mode: SVC V:126 H:1128 BC:1F B0 8B E3
00000160  MSR CPSR_FC, R11                               R0:00000006 R1:00000003 R2:00000000 R3:00000000 R4:00000000 R5:00000000 R6:00000000 R7:00000000 R8:00000000 R9:00000000 R10:00000000 R11:0000001F R12:000003B4 R13:03007FD0 R14:080003A0 R15:00000168 CPSR:nZcvtfI Mode: SVC V:126 H:1129 BC:0B F0 29 E1
00000164  STMDB SP!, {R2,LR}                             R0:00000006 R1:00000003 R2:00000000 R3:00000000 R4:00000000 R5:00000000 R6:00000000 R7:00000000 R8:00000000 R9:00000000 R10:00000000 R11:0000001F R12:000003B4 R13:03007EEC R14:08000310 R15:0000016C CPSR:nzcvtfi Mode: SYS V:126 H:1130 BC:04 40 2D E9
00000168  ADD LR, PC, #$00                               R0:00000006 R1:00000003 R2:00000000 R3:00000000 R4:00000000 R5:00000000 R6:00000000 R7:00000000 R8:00000000 R9:00000000 R10:00000000 R11:0000001F R12:000003B4 R13:03007EE4 R14:08000310 R15:00000170 CPSR:nzcvtfi Mode: SYS V:126 H:1133 BC:00 E0 8F E2
0000016C  BX R12 [$03B4]                                 R0:00000006 R1:00000003 R2:00000000 R3:00000000 R4:00000000 R5:00000000 R6:00000000 R7:00000000 R8:00000000 R9:00000000 R10:00000000 R11:0000001F R12:000003B4 R13:03007EE4 R14:00000170 R15:00000174 CPSR:nzcvtfi Mode: SYS V:126 H:1134 BC:1C FF 2F E1
000003B4  ANDS R3, R1, #$80000000                        R0:00000006 R1:00000003 R2:00000000 R3:00000000 R4:00000000 R5:00000000 R6:00000000 R7:00000000 R8:00000000 R9:00000000 R10:00000000 R11:0000001F R12:000003B4 R13:03007EE4 R14:00000170 R15:000003BC CPSR:nzcvtfi Mode: SYS V:126 H:1137 BC:02 31 11 E2
000003B8  RSBMI R1, R1, #$00                             R0:00000006 R1:00000003 R2:00000000 R3:00000000 R4:00000000 R5:00000000 R6:00000000 R7:00000000 R8:00000000 R9:00000000 R10:00000000 R11:0000001F R12:000003B4 R13:03007EE4 R14:00000170 R15:000003C0 CPSR:nZCvtfi Mode: SYS V:126 H:1138 BC:00 10 61 42
000003BC  EORS R12, R3, R0, ASR #32                      R0:00000006 R1:00000003 R2:00000000 R3:00000000 R4:00000000 R5:00000000 R6:00000000 R7:00000000 R8:00000000 R9:00000000 R10:00000000 R11:0000001F R12:000003B4 R13:03007EE4 R14:00000170 R15:000003C4 CPSR:nZCvtfi Mode: SYS V:126 H:1139 BC:40 C0 33 E0
000003C0  RSBCS R0, R0, #$00                             R0:00000006 R1:00000003 R2:00000000 R3:00000000 R4:00000000 R5:00000000 R6:00000000 R7:00000000 R8:00000000 R9:00000000 R10:00000000 R11:0000001F R12:00000000 R13:03007EE4 R14:00000170 R15:000003C8 CPSR:nZcvtfi Mode: SYS V:126 H:1140 BC:00 00 60 22
000003C4  MOVS R2, R1                                    R0:00000006 R1:00000003 R2:00000000 R3:00000000 R4:00000000 R5:00000000 R6:00000000 R7:00000000 R8:00000000 R9:00000000 R10:00000000 R11:0000001F R12:00000000 R13:03007EE4 R14:00000170 R15:000003CC CPSR:nZcvtfi Mode: SYS V:126 H:1141 BC:01 20 B0 E1
000003C8  CMP R2, R0, LSR #1                             R0:00000006 R1:00000003 R2:00000003 R3:00000000 R4:00000000 R5:00000000 R6:00000000 R7:00000000 R8:00000000 R9:00000000 R10:00000000 R11:0000001F R12:00000000 R13:03007EE4 R14:00000170 R15:000003D0 CPSR:nzcvtfi Mode: SYS V:126 H:1142 BC:A0 00 52 E1
000003CC  MOVLS R2, R2, LSL #1                           R0:00000006 R1:00000003 R2:00000003 R3:00000000 R4:00000000 R5:00000000 R6:00000000 R7:00000000 R8:00000000 R9:00000000 R10:00000000 R11:0000001F R12:00000000 R13:03007EE4 R14:00000170 R15:000003D4 CPSR:nZCvtfi Mode: SYS V:126 H:1143 BC:82 20 A0 91
000003D0  BCC $03C8                                      R0:00000006 R1:00000003 R2:00000006 R3:00000000 R4:00000000 R5:00000000 R6:00000000 R7:00000000 R8:00000000 R9:00000000 R10:00000000 R11:0000001F R12:00000000 R13:03007EE4 R14:00000170 R15:000003D8 CPSR:nZCvtfi Mode: SYS V:126 H:1144 BC:FC FF FF 3A
000003D4  CMP R0, R2                                     R0:00000006 R1:00000003 R2:00000006 R3:00000000 R4:00000000 R5:00000000 R6:00000000 R7:00000000 R8:00000000 R9:00000000 R10:00000000 R11:0000001F R12:00000000 R13:03007EE4 R14:00000170 R15:000003DC CPSR:nZCvtfi Mode: SYS V:126 H:1145 BC:02 00 50 E1
000003D8  ADC R3, R3, R3                                 R0:00000006 R1:00000003 R2:00000006 R3:00000000 R4:00000000 R5:00000000 R6:00000000 R7:00000000 R8:00000000 R9:00000000 R10:00000000 R11:0000001F R12:00000000 R13:03007EE4 R14:00000170 R15:000003E0 CPSR:nZCvtfi Mode: SYS V:126 H:1146 BC:03 30 A3 E0
000003DC  SUBCS R0, R0, R2                               R0:00000006 R1:00000003 R2:00000006 R3:00000001 R4:00000000 R5:00000000 R6:00000000 R7:00000000 R8:00000000 R9:00000000 R10:00000000 R11:0000001F R12:00000000 R13:03007EE4 R14:00000170 R15:000003E4 CPSR:nZCvtfi Mode: SYS V:126 H:1147 BC:02 00 40 20
000003E0  TEQ R2, R1                                     R0:00000000 R1:00000003 R2:00000006 R3:00000001 R4:00000000 R5:00000000 R6:00000000 R7:00000000 R8:00000000 R9:00000000 R10:00000000 R11:0000001F R12:00000000 R13:03007EE4 R14:00000170 R15:000003E8 CPSR:nZCvtfi Mode: SYS V:126 H:1148 BC:01 00 32 E1
000003E4  MOVNE R2, R2, LSR #1                           R0:00000000 R1:00000003 R2:00000006 R3:00000001 R4:00000000 R5:00000000 R6:00000000 R7:00000000 R8:00000000 R9:00000000 R10:00000000 R11:0000001F R12:00000000 R13:03007EE4 R14:00000170 R15:000003EC CPSR:nzCvtfi Mode: SYS V:126 H:1149 BC:A2 20 A0 11
000003E8  BNE $03D4                                      R0:00000000 R1:00000003 R2:00000003 R3:00000001 R4:00000000 R5:00000000 R6:00000000 R7:00000000 R8:00000000 R9:00000000 R10:00000000 R11:0000001F R12:00000000 R13:03007EE4 R14:00000170 R15:000003F0 CPSR:nzCvtfi Mode: SYS V:126 H:1150 BC:F9 FF FF 1A
000003D4  CMP R0, R2                                     R0:00000000 R1:00000003 R2:00000003 R3:00000001 R4:00000000 R5:00000000 R6:00000000 R7:00000000 R8:00000000 R9:00000000 R10:00000000 R11:0000001F R12:00000000 R13:03007EE4 R14:00000170 R15:000003DC CPSR:nzCvtfi Mode: SYS V:126 H:1153 BC:02 00 50 E1
000003D8  ADC R3, R3, R3                                 R0:00000000 R1:00000003 R2:00000003 R3:00000001 R4:00000000 R5:00000000 R6:00000000 R7:00000000 R8:00000000 R9:00000000 R10:00000000 R11:0000001F R12:00000000 R13:03007EE4 R14:00000170 R15:000003E0 CPSR:Nzcvtfi Mode: SYS V:126 H:1154 BC:03 30 A3 E0
000003DC  SUBCS R0, R0, R2                               R0:00000000 R1:00000003 R2:00000003 R3:00000002 R4:00000000 R5:00000000 R6:00000000 R7:00000000 R8:00000000 R9:00000000 R10:00000000 R11:0000001F R12:00000000 R13:03007EE4 R14:00000170 R15:000003E4 CPSR:Nzcvtfi Mode: SYS V:126 H:1155 BC:02 00 40 20
000003E0  TEQ R2, R1                                     R0:00000000 R1:00000003 R2:00000003 R3:00000002 R4:00000000 R5:00000000 R6:00000000 R7:00000000 R8:00000000 R9:00000000 R10:00000000 R11:0000001F R12:00000000 R13:03007EE4 R14:00000170 R15:000003E8 CPSR:Nzcvtfi Mode: SYS V:126 H:1156 BC:01 00 32 E1
000003E4  MOVNE R2, R2, LSR #1                           R0:00000000 R1:00000003 R2:00000003 R3:00000002 R4:00000000 R5:00000000 R6:00000000 R7:00000000 R8:00000000 R9:00000000 R10:00000000 R11:0000001F R12:00000000 R13:03007EE4 R14:00000170 R15:000003EC CPSR:nZcvtfi Mode: SYS V:126 H:1157 BC:A2 20 A0 11
000003E8  BNE $03D4                                      R0:00000000 R1:00000003 R2:00000003 R3:00000002 R4:00000000 R5:00000000 R6:00000000 R7:00000000 R8:00000000 R9:00000000 R10:00000000 R11:0000001F R12:00000000 R13:03007EE4 R14:00000170 R15:000003F0 CPSR:nZcvtfi Mode: SYS V:126 H:1158 BC:F9 FF FF 1A
000003EC  MOV R1, R0                                     R0:00000000 R1:00000003 R2:00000003 R3:00000002 R4:00000000 R5:00000000 R6:00000000 R7:00000000 R8:00000000 R9:00000000 R10:00000000 R11:0000001F R12:00000000 R13:03007EE4 R14:00000170 R15:000003F4 CPSR:nZcvtfi Mode: SYS V:126 H:1159 BC:00 10 A0 E1
000003F0  MOV R0, R3                                     R0:00000000 R1:00000000 R2:00000003 R3:00000002 R4:00000000 R5:00000000 R6:00000000 R7:00000000 R8:00000000 R9:00000000 R10:00000000 R11:0000001F R12:00000000 R13:03007EE4 R14:00000170 R15:000003F8 CPSR:nZcvtfi Mode: SYS V:126 H:1160 BC:03 00 A0 E1
000003F4  MOVS R12, R12, LSL #1                          R0:00000002 R1:00000000 R2:00000003 R3:00000002 R4:00000000 R5:00000000 R6:00000000 R7:00000000 R8:00000000 R9:00000000 R10:00000000 R11:0000001F R12:00000000 R13:03007EE4 R14:00000170 R15:000003FC CPSR:nZcvtfi Mode: SYS V:126 H:1161 BC:8C C0 B0 E1
000003F8  RSBCS R0, R0, #$00                             R0:00000002 R1:00000000 R2:00000003 R3:00000002 R4:00000000 R5:00000000 R6:00000000 R7:00000000 R8:00000000 R9:00000000 R10:00000000 R11:0000001F R12:00000000 R13:03007EE4 R14:00000170 R15:00000400 CPSR:nZcvtfi Mode: SYS V:126 H:1162 BC:00 00 60 22
000003FC  RSBMI R1, R1, #$00                             R0:00000002 R1:00000000 R2:00000003 R3:00000002 R4:00000000 R5:00000000 R6:00000000 R7:00000000 R8:00000000 R9:00000000 R10:00000000 R11:0000001F R12:00000000 R13:03007EE4 R14:00000170 R15:00000404 CPSR:nZcvtfi Mode: SYS V:126 H:1163 BC:00 10 61 42
00000400  BX LR [$0170]                                  R0:00000002 R1:00000000 R2:00000003 R3:00000002 R4:00000000 R5:00000000 R6:00000000 R7:00000000 R8:00000000 R9:00000000 R10:00000000 R11:0000001F R12:00000000 R13:03007EE4 R14:00000170 R15:00000408 CPSR:nZcvtfi Mode: SYS V:126 H:1164 BC:1E FF 2F E1
00000170  LDMIA SP!, {R2,LR}                             R0:00000002 R1:00000000 R2:00000003 R3:00000002 R4:00000000 R5:00000000 R6:00000000 R7:00000000 R8:00000000 R9:00000000 R10:00000000 R11:0000001F R12:00000000 R13:03007EE4 R14:00000170 R15:00000178 CPSR:nZcvtfi Mode: SYS V:126 H:1167 BC:04 40 BD E8
00000174  MOV R12, #$D3                                  R0:00000002 R1:00000000 R2:00000000 R3:00000002 R4:00000000 R5:00000000 R6:00000000 R7:00000000 R8:00000000 R9:00000000 R10:00000000 R11:0000001F R12:00000000 R13:03007EEC R14:08000310 R15:0000017C CPSR:nZcvtfi Mode: SYS V:126 H:1171 BC:D3 C0 A0 E3
00000178  MSR CPSR_FC, R12                               R0:00000002 R1:00000000 R2:00000000 R3:00000002 R4:00000000 R5:00000000 R6:00000000 R7:00000000 R8:00000000 R9:00000000 R10:00000000 R11:0000001F R12:000000D3 R13:03007EEC R14:08000310 R15:00000180 CPSR:nZcvtfi Mode: SYS V:126 H:1172 BC:0C F0 29 E1
0000017C  LDMIA SP!, {R11}                               R0:00000002 R1:00000000 R2:00000000 R3:00000002 R4:00000000 R5:00000000 R6:00000000 R7:00000000 R8:00000000 R9:00000000 R10:00000000 R11:0000001F R12:000000D3 R13:03007FD0 R14:080003A0 R15:00000184 CPSR:nzcvtFI Mode: SVC V:126 H:1173 BC:00 08 BD E8
00000180  MSR SPSR_FC, R11                               R0:00000002 R1:00000000 R2:00000000 R3:00000002 R4:00000000 R5:00000000 R6:00000000 R7:00000000 R8:00000000 R9:00000000 R10:00000000 R11:4000001F R12:000000D3 R13:03007FD4 R14:080003A0 R15:00000188 CPSR:nzcvtFI Mode: SVC V:126 H:1176 BC:0B F0 69 E1
00000184  LDMIA SP!, {R11-R12,LR}                        R0:00000002 R1:00000000 R2:00000000 R3:00000002 R4:00000000 R5:00000000 R6:00000000 R7:00000000 R8:00000000 R9:00000000 R10:00000000 R11:4000001F R12:000000D3 R13:03007FD4 R14:080003A0 R15:0000018C CPSR:nzcvtFI Mode: SVC V:126 H:1177 BC:00 58 BD E8
00000188  MOVS PC, LR                                    R0:00000002 R1:00000000 R2:00000000 R3:00000002 R4:00000000 R5:00000000 R6:00000000 R7:00000000 R8:00000000 R9:00000000 R10:00000000 R11:03000000 R12:00000000 R13:03007FE0 R14:080003A0 R15:00000190 CPSR:nzcvtFI Mode: SVC V:126 H:1182 BC:0E F0 B0 E1
080003A0  B $080003A0                                    R0:00000002 R1:00000000 R2:00000000 R3:00000002 R4:00000000 R5:00000000 R6:00000000 R7:00000000 R8:00000000 R9:00000000 R10:00000000 R11:03000000 R12:00000000 R13:03007EEC R14:08000310 R15:080003A8 CPSR:nZcvtfi Mode: SYS V:126 H:1202 BC:FE FF FF EA
